 2024-11-14 10:36:53 | INFO     | request.py | MainThread | -------------- [📤] Request -----------------
 2024-11-14 10:36:53 | INFO     | request.py | MainThread | [method]: DELETE      [url]: https://httpbin.org/delete 
 2024-11-14 10:36:54 | INFO     | request.py | MainThread | -------------- [📨] Response ----------------
 2024-11-14 10:36:54 | INFO     | request.py | MainThread | successful with status 200
 2024-11-14 10:36:54 | DEBUG    | request.py | MainThread | [type]: json      [time]: 0.982152
 2024-11-14 10:36:54 | DEBUG    | request.py | MainThread | [response]:
 {
  "args": {},
  "data": "",
  "files": {},
  "form": {},
  "headers": {
    "Accept": "*/*",
    "Accept-Encoding": "gzip, deflate",
    "Content-Length": "0",
    "Host": "httpbin.org",
    "User-Agent": "python-requests/2.32.3",
    "X-Amzn-Trace-Id": "Root=1-67356245-16a4bc2c12c326f1119e55a3"
  },
  "json": null,
  "origin": "172.105.209.68",
  "url": "https://httpbin.org/delete"
}
 2024-11-14 10:36:54 | INFO     | case.py    | MainThread | 👀 assertStatusCode -> 200.
 2024-11-14 10:36:54 | INFO     | request.py | MainThread | -------------- [📤] Request -----------------
 2024-11-14 10:36:54 | INFO     | request.py | MainThread | [method]: GET      [url]: https://httpbin.org/get 
 2024-11-14 10:36:54 | DEBUG    | request.py | MainThread | [params]:
{
  "key1": "value1",
  "key2": "value2"
}
 2024-11-14 10:36:55 | INFO     | request.py | MainThread | -------------- [📨] Response ----------------
 2024-11-14 10:36:55 | INFO     | request.py | MainThread | successful with status 200
 2024-11-14 10:36:55 | DEBUG    | request.py | MainThread | [type]: json      [time]: 0.790864
 2024-11-14 10:36:55 | DEBUG    | request.py | MainThread | [response]:
 {
  "args": {
    "key1": "value1",
    "key2": "value2"
  },
  "headers": {
    "Accept": "*/*",
    "Accept-Encoding": "gzip, deflate",
    "Host": "httpbin.org",
    "User-Agent": "python-requests/2.32.3",
    "X-Amzn-Trace-Id": "Root=1-67356246-242a195d694ddb486f6ad63c"
  },
  "origin": "172.105.209.68",
  "url": "https://httpbin.org/get?key1=value1&key2=value2"
}
 2024-11-14 10:36:55 | INFO     | case.py    | MainThread | 👀 assertStatusCode -> 200.
 2024-11-14 10:36:55 | INFO     | request.py | MainThread | -------------- [📤] Request -----------------
 2024-11-14 10:36:55 | INFO     | request.py | MainThread | [method]: POST      [url]: https://httpbin.org/post 
 2024-11-14 10:36:55 | DEBUG    | request.py | MainThread | [data]:
{
  "key": "value"
}
 2024-11-14 10:36:56 | INFO     | request.py | MainThread | -------------- [📨] Response ----------------
 2024-11-14 10:36:56 | INFO     | request.py | MainThread | successful with status 200
 2024-11-14 10:36:56 | DEBUG    | request.py | MainThread | [type]: json      [time]: 0.850716
 2024-11-14 10:36:56 | DEBUG    | request.py | MainThread | [response]:
 {
  "args": {},
  "data": "",
  "files": {},
  "form": {
    "key": "value"
  },
  "headers": {
    "Accept": "*/*",
    "Accept-Encoding": "gzip, deflate",
    "Content-Length": "9",
    "Content-Type": "application/x-www-form-urlencoded",
    "Host": "httpbin.org",
    "User-Agent": "python-requests/2.32.3",
    "X-Amzn-Trace-Id": "Root=1-67356247-7ccaee0f406fc28c0aea84d7"
  },
  "json": null,
  "origin": "172.105.209.68",
  "url": "https://httpbin.org/post"
}
 2024-11-14 10:36:56 | INFO     | case.py    | MainThread | 👀 assertStatusCode -> 200.
 2024-11-14 10:36:56 | INFO     | request.py | MainThread | -------------- [📤] Request -----------------
 2024-11-14 10:36:56 | INFO     | request.py | MainThread | [method]: PUT      [url]: https://httpbin.org/put 
 2024-11-14 10:36:56 | DEBUG    | request.py | MainThread | [data]:
{
  "key": "value"
}
 2024-11-14 10:36:57 | INFO     | request.py | MainThread | -------------- [📨] Response ----------------
 2024-11-14 10:36:57 | INFO     | request.py | MainThread | successful with status 200
 2024-11-14 10:36:57 | DEBUG    | request.py | MainThread | [type]: json      [time]: 0.77371
 2024-11-14 10:36:57 | DEBUG    | request.py | MainThread | [response]:
 {
  "args": {},
  "data": "",
  "files": {},
  "form": {
    "key": "value"
  },
  "headers": {
    "Accept": "*/*",
    "Accept-Encoding": "gzip, deflate",
    "Content-Length": "9",
    "Content-Type": "application/x-www-form-urlencoded",
    "Host": "httpbin.org",
    "User-Agent": "python-requests/2.32.3",
    "X-Amzn-Trace-Id": "Root=1-67356248-46f76cc377053a7b68a90ce3"
  },
  "json": null,
  "origin": "172.105.209.68",
  "url": "https://httpbin.org/put"
}
 2024-11-14 10:36:57 | INFO     | case.py    | MainThread | 👀 assertStatusCode -> 200.
 2024-11-14 10:36:57 | SUCCESS  | runner.py  | MainThread | A run the test in debug mode without generating HTML report!
